mode: set
github.com/airbenders/profile/Review/usecase/review_usecase.go:21.124,27.2 1 1
github.com/airbenders/profile/Review/usecase/review_usecase.go:30.120,35.16 4 1
github.com/airbenders/profile/Review/usecase/review_usecase.go:38.2,38.51 1 1
github.com/airbenders/profile/Review/usecase/review_usecase.go:42.2,43.16 2 1
github.com/airbenders/profile/Review/usecase/review_usecase.go:46.2,46.89 1 1
github.com/airbenders/profile/Review/usecase/review_usecase.go:50.2,55.16 5 1
github.com/airbenders/profile/Review/usecase/review_usecase.go:59.2,60.20 2 1
github.com/airbenders/profile/Review/usecase/review_usecase.go:35.16,37.3 1 1
github.com/airbenders/profile/Review/usecase/review_usecase.go:38.51,40.3 1 0
github.com/airbenders/profile/Review/usecase/review_usecase.go:43.16,45.3 1 0
github.com/airbenders/profile/Review/usecase/review_usecase.go:46.89,48.3 1 1
github.com/airbenders/profile/Review/usecase/review_usecase.go:55.16,57.3 1 0
github.com/airbenders/profile/Review/usecase/review_usecase.go:63.121,67.21 3 1
github.com/airbenders/profile/Review/usecase/review_usecase.go:71.2,72.16 2 1
github.com/airbenders/profile/Review/usecase/review_usecase.go:75.2,75.51 1 1
github.com/airbenders/profile/Review/usecase/review_usecase.go:79.2,80.16 2 1
github.com/airbenders/profile/Review/usecase/review_usecase.go:83.2,83.88 1 1
github.com/airbenders/profile/Review/usecase/review_usecase.go:87.2,91.16 4 1
github.com/airbenders/profile/Review/usecase/review_usecase.go:95.2,96.20 2 1
github.com/airbenders/profile/Review/usecase/review_usecase.go:67.21,69.3 1 0
github.com/airbenders/profile/Review/usecase/review_usecase.go:72.16,74.3 1 1
github.com/airbenders/profile/Review/usecase/review_usecase.go:75.51,77.3 1 0
github.com/airbenders/profile/Review/usecase/review_usecase.go:80.16,82.3 1 1
github.com/airbenders/profile/Review/usecase/review_usecase.go:83.88,85.3 1 0
github.com/airbenders/profile/Review/usecase/review_usecase.go:91.16,93.3 1 1
github.com/airbenders/profile/Review/usecase/review_usecase.go:99.99,104.16 4 1
github.com/airbenders/profile/Review/usecase/review_usecase.go:108.2,108.21 1 1
github.com/airbenders/profile/Review/usecase/review_usecase.go:104.16,106.3 1 1
github.com/airbenders/profile/School/usecase/school_usecase.go:27.145,29.2 1 1
github.com/airbenders/profile/School/usecase/school_usecase.go:33.109,39.16 5 1
github.com/airbenders/profile/School/usecase/school_usecase.go:42.2,42.23 1 1
github.com/airbenders/profile/School/usecase/school_usecase.go:46.2,46.21 1 1
github.com/airbenders/profile/School/usecase/school_usecase.go:39.16,41.3 1 1
github.com/airbenders/profile/School/usecase/school_usecase.go:42.23,44.3 1 1
github.com/airbenders/profile/School/usecase/school_usecase.go:49.42,55.15 4 1
github.com/airbenders/profile/School/usecase/school_usecase.go:63.2,66.16 3 1
github.com/airbenders/profile/School/usecase/school_usecase.go:70.2,70.41 1 1
github.com/airbenders/profile/School/usecase/school_usecase.go:73.2,73.32 1 1
github.com/airbenders/profile/School/usecase/school_usecase.go:55.15,56.60 1 0
github.com/airbenders/profile/School/usecase/school_usecase.go:56.60,60.4 2 0
github.com/airbenders/profile/School/usecase/school_usecase.go:66.16,68.3 1 0
github.com/airbenders/profile/School/usecase/school_usecase.go:70.41,72.3 1 0
github.com/airbenders/profile/School/usecase/school_usecase.go:78.124,83.16 4 1
github.com/airbenders/profile/School/usecase/school_usecase.go:86.2,86.51 1 1
github.com/airbenders/profile/School/usecase/school_usecase.go:89.2,89.27 1 1
github.com/airbenders/profile/School/usecase/school_usecase.go:93.2,95.22 3 1
github.com/airbenders/profile/School/usecase/school_usecase.go:98.2,109.16 5 1
github.com/airbenders/profile/School/usecase/school_usecase.go:113.2,114.45 2 1
github.com/airbenders/profile/School/usecase/school_usecase.go:83.16,85.3 1 0
github.com/airbenders/profile/School/usecase/school_usecase.go:86.51,88.3 1 1
github.com/airbenders/profile/School/usecase/school_usecase.go:89.27,91.3 1 1
github.com/airbenders/profile/School/usecase/school_usecase.go:95.22,97.3 1 0
github.com/airbenders/profile/School/usecase/school_usecase.go:109.16,111.3 1 1
github.com/airbenders/profile/School/usecase/school_usecase.go:117.55,119.16 2 1
github.com/airbenders/profile/School/usecase/school_usecase.go:123.2,136.21 5 1
github.com/airbenders/profile/School/usecase/school_usecase.go:119.16,122.3 2 0
github.com/airbenders/profile/School/usecase/school_usecase.go:141.88,146.16 4 1
github.com/airbenders/profile/School/usecase/school_usecase.go:149.2,149.61 1 1
github.com/airbenders/profile/School/usecase/school_usecase.go:152.2,152.67 1 1
github.com/airbenders/profile/School/usecase/school_usecase.go:156.2,157.16 2 1
github.com/airbenders/profile/School/usecase/school_usecase.go:161.2,161.12 1 1
github.com/airbenders/profile/School/usecase/school_usecase.go:146.16,148.3 1 1
github.com/airbenders/profile/School/usecase/school_usecase.go:149.61,151.3 1 1
github.com/airbenders/profile/School/usecase/school_usecase.go:152.67,154.3 1 1
github.com/airbenders/profile/School/usecase/school_usecase.go:157.16,159.3 1 0
github.com/airbenders/profile/Review/delivery/http/review_delivery.go:18.63,20.2 1 1
github.com/airbenders/profile/Review/delivery/http/review_delivery.go:23.51,25.20 2 1
github.com/airbenders/profile/Review/delivery/http/review_delivery.go:30.2,33.91 3 1
github.com/airbenders/profile/Review/delivery/http/review_delivery.go:38.2,44.16 6 1
github.com/airbenders/profile/Review/delivery/http/review_delivery.go:55.2,55.43 1 1
github.com/airbenders/profile/Review/delivery/http/review_delivery.go:25.20,28.3 2 0
github.com/airbenders/profile/Review/delivery/http/review_delivery.go:33.91,36.3 2 1
github.com/airbenders/profile/Review/delivery/http/review_delivery.go:44.16,45.26 1 1
github.com/airbenders/profile/Review/delivery/http/review_delivery.go:46.26,48.10 2 1
github.com/airbenders/profile/Review/delivery/http/review_delivery.go:49.11,51.10 2 1
github.com/airbenders/profile/Review/delivery/http/review_delivery.go:59.52,61.20 2 1
github.com/airbenders/profile/Review/delivery/http/review_delivery.go:66.2,68.66 3 1
github.com/airbenders/profile/Review/delivery/http/review_delivery.go:74.2,81.16 6 1
github.com/airbenders/profile/Review/delivery/http/review_delivery.go:92.2,92.38 1 1
github.com/airbenders/profile/Review/delivery/http/review_delivery.go:61.20,64.3 2 0
github.com/airbenders/profile/Review/delivery/http/review_delivery.go:68.66,72.3 3 1
github.com/airbenders/profile/Review/delivery/http/review_delivery.go:81.16,82.26 1 1
github.com/airbenders/profile/Review/delivery/http/review_delivery.go:83.26,85.10 2 1
github.com/airbenders/profile/Review/delivery/http/review_delivery.go:86.11,88.10 2 1
github.com/airbenders/profile/Review/delivery/http/review_delivery.go:96.54,98.20 2 1
github.com/airbenders/profile/Review/delivery/http/review_delivery.go:103.2,105.24 3 1
github.com/airbenders/profile/Review/delivery/http/review_delivery.go:110.2,110.26 1 1
github.com/airbenders/profile/Review/delivery/http/review_delivery.go:115.2,115.26 1 1
github.com/airbenders/profile/Review/delivery/http/review_delivery.go:119.2,121.16 3 1
github.com/airbenders/profile/Review/delivery/http/review_delivery.go:132.2,132.32 1 1
github.com/airbenders/profile/Review/delivery/http/review_delivery.go:98.20,101.3 2 0
github.com/airbenders/profile/Review/delivery/http/review_delivery.go:105.24,108.3 2 0
github.com/airbenders/profile/Review/delivery/http/review_delivery.go:110.26,113.3 2 0
github.com/airbenders/profile/Review/delivery/http/review_delivery.go:115.26,117.3 1 0
github.com/airbenders/profile/Review/delivery/http/review_delivery.go:121.16,122.26 1 0
github.com/airbenders/profile/Review/delivery/http/review_delivery.go:123.26,125.10 2 0
github.com/airbenders/profile/Review/delivery/http/review_delivery.go:126.11,128.10 2 0
github.com/airbenders/profile/School/delivery/http/school_delivery.go:18.62,20.2 1 1
github.com/airbenders/profile/School/delivery/http/school_delivery.go:23.61,25.29 2 1
github.com/airbenders/profile/School/delivery/http/school_delivery.go:30.2,32.16 3 1
github.com/airbenders/profile/School/delivery/http/school_delivery.go:43.2,43.32 1 1
github.com/airbenders/profile/School/delivery/http/school_delivery.go:25.29,28.3 2 1
github.com/airbenders/profile/School/delivery/http/school_delivery.go:32.16,33.26 1 1
github.com/airbenders/profile/School/delivery/http/school_delivery.go:34.26,36.10 2 0
github.com/airbenders/profile/School/delivery/http/school_delivery.go:37.11,39.10 2 1
github.com/airbenders/profile/School/delivery/http/school_delivery.go:47.62,50.17 3 1
github.com/airbenders/profile/School/delivery/http/school_delivery.go:54.2,56.62 3 1
github.com/airbenders/profile/School/delivery/http/school_delivery.go:61.2,65.16 4 1
github.com/airbenders/profile/School/delivery/http/school_delivery.go:76.2,76.50 1 1
github.com/airbenders/profile/School/delivery/http/school_delivery.go:50.17,53.3 2 1
github.com/airbenders/profile/School/delivery/http/school_delivery.go:56.62,59.3 2 1
github.com/airbenders/profile/School/delivery/http/school_delivery.go:65.16,66.26 1 1
github.com/airbenders/profile/School/delivery/http/school_delivery.go:67.26,69.10 2 0
github.com/airbenders/profile/School/delivery/http/school_delivery.go:70.11,72.10 2 1
github.com/airbenders/profile/School/delivery/http/school_delivery.go:80.67,83.17 3 1
github.com/airbenders/profile/School/delivery/http/school_delivery.go:88.2,89.16 2 1
github.com/airbenders/profile/School/delivery/http/school_delivery.go:100.2,100.66 1 1
github.com/airbenders/profile/School/delivery/http/school_delivery.go:83.17,86.3 2 1
github.com/airbenders/profile/School/delivery/http/school_delivery.go:89.16,90.26 1 1
github.com/airbenders/profile/School/delivery/http/school_delivery.go:91.26,93.10 2 0
github.com/airbenders/profile/School/delivery/http/school_delivery.go:94.11,96.10 2 1
github.com/airbenders/profile/Student/delivery/http/student.go:17.65,19.2 1 1
github.com/airbenders/profile/Student/delivery/http/student.go:22.50,24.14 2 1
github.com/airbenders/profile/Student/delivery/http/student.go:28.2,30.16 3 1
github.com/airbenders/profile/Student/delivery/http/student.go:40.2,40.22 1 1
github.com/airbenders/profile/Student/delivery/http/student.go:24.14,27.3 2 0
github.com/airbenders/profile/Student/delivery/http/student.go:30.16,31.26 1 1
github.com/airbenders/profile/Student/delivery/http/student.go:32.26,34.10 2 1
github.com/airbenders/profile/Student/delivery/http/student.go:35.11,37.10 2 1
github.com/airbenders/profile/Student/delivery/http/student.go:44.49,50.16 5 1
github.com/airbenders/profile/Student/delivery/http/student.go:54.2,58.16 4 1
github.com/airbenders/profile/Student/delivery/http/student.go:69.2,69.70 1 1
github.com/airbenders/profile/Student/delivery/http/student.go:50.16,53.3 2 1
github.com/airbenders/profile/Student/delivery/http/student.go:58.16,59.26 1 1
github.com/airbenders/profile/Student/delivery/http/student.go:60.26,62.10 2 1
github.com/airbenders/profile/Student/delivery/http/student.go:63.11,65.10 2 1
github.com/airbenders/profile/Student/delivery/http/student.go:73.49,75.14 2 1
github.com/airbenders/profile/Student/delivery/http/student.go:80.2,83.20 3 1
github.com/airbenders/profile/Student/delivery/http/student.go:88.2,90.16 3 1
github.com/airbenders/profile/Student/delivery/http/student.go:95.2,97.16 3 1
github.com/airbenders/profile/Student/delivery/http/student.go:108.2,108.39 1 1
github.com/airbenders/profile/Student/delivery/http/student.go:75.14,78.3 2 0
github.com/airbenders/profile/Student/delivery/http/student.go:83.20,86.3 2 1
github.com/airbenders/profile/Student/delivery/http/student.go:90.16,93.3 2 0
github.com/airbenders/profile/Student/delivery/http/student.go:97.16,98.26 1 1
github.com/airbenders/profile/Student/delivery/http/student.go:99.26,101.10 2 1
github.com/airbenders/profile/Student/delivery/http/student.go:102.11,104.10 2 1
github.com/airbenders/profile/Student/delivery/http/student.go:112.49,114.14 2 1
github.com/airbenders/profile/Student/delivery/http/student.go:119.2,122.20 3 1
github.com/airbenders/profile/Student/delivery/http/student.go:127.2,129.16 3 1
github.com/airbenders/profile/Student/delivery/http/student.go:140.2,140.65 1 1
github.com/airbenders/profile/Student/delivery/http/student.go:114.14,117.3 2 1
github.com/airbenders/profile/Student/delivery/http/student.go:122.20,125.3 2 0
github.com/airbenders/profile/Student/delivery/http/student.go:129.16,130.26 1 1
github.com/airbenders/profile/Student/delivery/http/student.go:131.26,133.10 2 1
github.com/airbenders/profile/Student/delivery/http/student.go:134.11,136.10 2 1
github.com/airbenders/profile/Student/usecase/student_usecase.go:21.126,27.2 1 1
github.com/airbenders/profile/Student/usecase/student_usecase.go:30.78,34.17 3 1
github.com/airbenders/profile/Student/usecase/student_usecase.go:45.2,48.16 4 1
github.com/airbenders/profile/Student/usecase/student_usecase.go:51.2,51.12 1 1
github.com/airbenders/profile/Student/usecase/student_usecase.go:34.17,36.17 2 1
github.com/airbenders/profile/Student/usecase/student_usecase.go:36.17,37.62 1 1
github.com/airbenders/profile/Student/usecase/student_usecase.go:37.62,39.5 1 1
github.com/airbenders/profile/Student/usecase/student_usecase.go:41.8,43.3 1 0
github.com/airbenders/profile/Student/usecase/student_usecase.go:48.16,50.3 1 1
github.com/airbenders/profile/Student/usecase/student_usecase.go:55.89,60.16 4 1
github.com/airbenders/profile/Student/usecase/student_usecase.go:63.2,63.51 1 1
github.com/airbenders/profile/Student/usecase/student_usecase.go:67.2,68.16 2 1
github.com/airbenders/profile/Student/usecase/student_usecase.go:71.2,73.21 2 1
github.com/airbenders/profile/Student/usecase/student_usecase.go:60.16,62.3 1 1
github.com/airbenders/profile/Student/usecase/student_usecase.go:63.51,65.3 1 1
github.com/airbenders/profile/Student/usecase/student_usecase.go:68.16,70.3 1 0
github.com/airbenders/profile/Student/usecase/student_usecase.go:77.108,83.16 5 1
github.com/airbenders/profile/Student/usecase/student_usecase.go:86.2,86.59 1 1
github.com/airbenders/profile/Student/usecase/student_usecase.go:89.2,90.74 2 1
github.com/airbenders/profile/Student/usecase/student_usecase.go:83.16,85.3 1 1
github.com/airbenders/profile/Student/usecase/student_usecase.go:86.59,88.3 1 1
github.com/airbenders/profile/Student/usecase/student_usecase.go:93.72,94.30 1 1
github.com/airbenders/profile/Student/usecase/student_usecase.go:97.2,97.29 1 1
github.com/airbenders/profile/Student/usecase/student_usecase.go:100.2,100.26 1 1
github.com/airbenders/profile/Student/usecase/student_usecase.go:103.2,103.32 1 1
github.com/airbenders/profile/Student/usecase/student_usecase.go:106.2,106.33 1 1
github.com/airbenders/profile/Student/usecase/student_usecase.go:94.30,96.3 1 1
github.com/airbenders/profile/Student/usecase/student_usecase.go:97.29,99.3 1 1
github.com/airbenders/profile/Student/usecase/student_usecase.go:100.26,102.3 1 1
github.com/airbenders/profile/Student/usecase/student_usecase.go:103.32,105.3 1 1
github.com/airbenders/profile/Student/usecase/student_usecase.go:110.69,115.16 4 1
github.com/airbenders/profile/Student/usecase/student_usecase.go:118.2,118.59 1 1
github.com/airbenders/profile/Student/usecase/student_usecase.go:122.2,122.44 1 1
github.com/airbenders/profile/Student/usecase/student_usecase.go:115.16,117.3 1 1
github.com/airbenders/profile/Student/usecase/student_usecase.go:118.59,120.3 1 1
github.com/airbenders/profile/Tag/usecase/tag_usecase.go:16.85,18.2 1 1
github.com/airbenders/profile/Tag/usecase/tag_usecase.go:21.74,26.16 4 1
github.com/airbenders/profile/Tag/usecase/tag_usecase.go:30.2,30.18 1 1
github.com/airbenders/profile/Tag/usecase/tag_usecase.go:26.16,28.3 1 1
github.com/airbenders/profile/Tag/delivery/http/tag_delivery.go:16.53,18.2 1 1
github.com/airbenders/profile/Tag/delivery/http/tag_delivery.go:21.49,25.16 3 1
github.com/airbenders/profile/Tag/delivery/http/tag_delivery.go:36.2,36.29 1 1
github.com/airbenders/profile/Tag/delivery/http/tag_delivery.go:25.16,26.26 1 1
github.com/airbenders/profile/Tag/delivery/http/tag_delivery.go:27.26,29.10 2 0
github.com/airbenders/profile/Tag/delivery/http/tag_delivery.go:30.11,32.10 2 1
